<?xml version="1.0" encoding="UTF-8"?>
<!-- Generated by org.testng.reporters.JUnitReportReporter -->
<testsuite ignored="0" hostname="DESKTOP-060NQKG" failures="0" tests="1" name="SeleniumMaven.MavenDemo.MavenReview" time="0.035" errors="0" timestamp="17 Nov 2022 01:11:07 GMT" skipped="0">
  <testcase classname="SeleniumMaven.MavenDemo.MavenReview" name="MavenClassOne" time="0.035"/>
</testsuite> <!-- SeleniumMaven.MavenDemo.MavenReview -->
