<?xml version="1.0" encoding="UTF-8"?>
<!-- Generated by org.testng.reporters.JUnitReportReporter -->
<testsuite ignored="0" hostname="DESKTOP-060NQKG" failures="0" tests="2" name="SeleniumMaven.MavenDemo.MavenClassTwo" time="0.002" errors="0" timestamp="17 Nov 2022 01:40:46 GMT" skipped="0">
  <testcase classname="SeleniumMaven.MavenDemo.MavenClassTwo" name="MavenClassEight" time="0.001"/>
  <testcase classname="SeleniumMaven.MavenDemo.MavenClassTwo" name="MavenClassSeven" time="0.001"/>
</testsuite> <!-- SeleniumMaven.MavenDemo.MavenClassTwo -->
