<?xml version="1.0" encoding="UTF-8"?>
<!-- Generated by org.testng.reporters.JUnitReportReporter -->
<testsuite ignored="0" hostname="DESKTOP-060NQKG" failures="0" tests="2" name="SeleniumMaven.MavenDemo.MavenClassOne" time="0.029" errors="0" timestamp="17 Nov 2022 01:40:46 GMT" skipped="0">
  <testcase classname="SeleniumMaven.MavenDemo.MavenClassOne" name="MavenClassThree" time="0.001"/>
  <testcase classname="SeleniumMaven.MavenDemo.MavenClassOne" name="MavenClassFour" time="0.028"/>
</testsuite> <!-- SeleniumMaven.MavenDemo.MavenClassOne -->
