<?xml version="1.0" encoding="UTF-8"?>
<!-- Generated by org.testng.reporters.JUnitReportReporter -->
<testsuite ignored="0" hostname="DESKTOP-060NQKG" failures="0" tests="2" name="SeleniumMaven.MavenDemo.MavenClassThree" time="0.002" errors="0" timestamp="17 Nov 2022 01:40:46 GMT" skipped="0">
  <testcase classname="SeleniumMaven.MavenDemo.MavenClassThree" name="MavenClassSix" time="0.002"/>
  <testcase classname="SeleniumMaven.MavenDemo.MavenClassThree" name="MavenClassFive" time="0.000"/>
</testsuite> <!-- SeleniumMaven.MavenDemo.MavenClassThree -->
