<?xml version="1.0" encoding="UTF-8"?>
<!-- Generated by org.testng.reporters.JUnitReportReporter -->
<testsuite ignored="0" hostname="DESKTOP-060NQKG" failures="0" tests="2" name="SeleniumMaven.MavenDemo.MavenReview" time="0.022" errors="0" timestamp="17 Nov 2022 01:13:06 GMT" skipped="0">
  <testcase classname="SeleniumMaven.MavenDemo.MavenReview" name="MavenClassOne" time="0.021"/>
  <testcase classname="SeleniumMaven.MavenDemo.MavenReview" name="MavenClassTwo" time="0.001"/>
</testsuite> <!-- SeleniumMaven.MavenDemo.MavenReview -->
